[ 2017-11-01T16:57:19+08:00 ] ::1 /admin
INFO: [ app_init ] --START--
INFO: Run Behavior\BuildLiteBehavior [ RunTime:0.000010s ]
INFO: [ app_init ] --END-- [ RunTime:0.000386s ]
INFO: [ app_begin ] --START--
INFO: Run Behavior\ReadHtmlCacheBehavior [ RunTime:0.000601s ]
INFO: [ app_begin ] --END-- [ RunTime:0.000647s ]

[ 2017-11-01T16:57:19+08:00 ] ::1 /index.php/Admin/login/login.html
INFO: [ app_init ] --START--
INFO: Run Behavior\BuildLiteBehavior [ RunTime:0.000010s ]
INFO: [ app_init ] --END-- [ RunTime:0.000316s ]
INFO: [ app_begin ] --START--
INFO: Run Behavior\ReadHtmlCacheBehavior [ RunTime:0.000584s ]
INFO: [ app_begin ] --END-- [ RunTime:0.000650s ]
INFO: [ view_parse ] --START--
INFO: [ template_filter ] --START--
INFO: Run Behavior\ContentReplaceBehavior [ RunTime:0.000800s ]
INFO: [ template_filter ] --END-- [ RunTime:0.000848s ]
INFO: Run Behavior\ParseTemplateBehavior [ RunTime:0.011251s ]
INFO: [ view_parse ] --END-- [ RunTime:0.011296s ]
INFO: [ view_filter ] --START--
INFO: Run Behavior\WriteHtmlCacheBehavior [ RunTime:0.000619s ]
INFO: [ view_filter ] --END-- [ RunTime:0.000655s ]
INFO: [ app_end ] --START--
INFO: Run Behavior\ShowPageTraceBehavior [ RunTime:0.000778s ]
INFO: [ app_end ] --END-- [ RunTime:0.000813s ]

[ 2017-11-01T16:57:25+08:00 ] ::1 /index.php/Admin/login/signout.html
INFO: [ app_init ] --START--
INFO: Run Behavior\BuildLiteBehavior [ RunTime:0.000011s ]
INFO: [ app_init ] --END-- [ RunTime:0.000400s ]
INFO: [ app_begin ] --START--
INFO: Run Behavior\ReadHtmlCacheBehavior [ RunTime:0.000714s ]
INFO: [ app_begin ] --END-- [ RunTime:0.000763s ]
SQL: SHOW COLUMNS FROM `xf_admin_user` [ RunTime:0.0285s ]
SQL: SELECT * FROM `xf_admin_user` WHERE `username` = 'admin' LIMIT 1   [ RunTime:0.0014s ]
INFO: [ view_parse ] --START--
INFO: [ template_filter ] --START--
INFO: Run Behavior\ContentReplaceBehavior [ RunTime:0.000063s ]
INFO: [ template_filter ] --END-- [ RunTime:0.000136s ]
INFO: Run Behavior\ParseTemplateBehavior [ RunTime:0.010194s ]
INFO: [ view_parse ] --END-- [ RunTime:0.010288s ]
INFO: [ view_filter ] --START--
INFO: Run Behavior\WriteHtmlCacheBehavior [ RunTime:0.000822s ]
INFO: [ view_filter ] --END-- [ RunTime:0.000889s ]
INFO: [ app_end ] --START--
INFO: Run Behavior\ShowPageTraceBehavior [ RunTime:0.001215s ]
INFO: [ app_end ] --END-- [ RunTime:0.001294s ]

[ 2017-11-01T16:57:27+08:00 ] ::1 /index.php/Admin/index/index.html
INFO: [ app_init ] --START--
INFO: Run Behavior\BuildLiteBehavior [ RunTime:0.000016s ]
INFO: [ app_init ] --END-- [ RunTime:0.000558s ]
INFO: [ app_begin ] --START--
INFO: Run Behavior\ReadHtmlCacheBehavior [ RunTime:0.000630s ]
INFO: [ app_begin ] --END-- [ RunTime:0.000695s ]
NOTIC: [2048] Declaration of Admin\Model\AdminNavModel::getTreeData() should be compatible with Admin\Model\BaseModel::getTreeData($type = 'tree', $order = '', $name = 'name', $child = 'id', $parent = 'pid') D:\PHPStudy\WWW\myproject\Application\Admin\Model\AdminNavModel.class.php 第 10 行.
SQL: SHOW COLUMNS FROM `xf_admin_nav` [ RunTime:0.0219s ]
SQL: SELECT * FROM `xf_admin_nav` ORDER BY sort is null,sort,id  [ RunTime:0.0006s ]
SQL: SHOW COLUMNS FROM `xf_auth_group_access` [ RunTime:0.0129s ]
SQL: SELECT `uid`,`group_id`,`title`,`rules` FROM xf_auth_group_access a INNER JOIN xf_auth_group g on a.group_id=g.id  WHERE ( a.uid='1' and g.status='1' )  [ RunTime:0.0033s ]
SQL: SHOW COLUMNS FROM `xf_auth_rule` [ RunTime:0.0131s ]
SQL: SELECT `condition`,`name` FROM `xf_auth_rule` WHERE `id` IN ('1','2','7','8','9','10','11','12','15','16','17','13','18','19','20','21','22','14','23','24','25') AND `type` = 1 AND `status` = 1  [ RunTime:0.0007s ]
SQL: SELECT * FROM `xf_admin_nav` WHERE `id` = 0 LIMIT 1   [ RunTime:0.0003s ]
INFO: [ view_parse ] --START--
INFO: [ template_filter ] --START--
INFO: Run Behavior\ContentReplaceBehavior [ RunTime:0.000108s ]
INFO: [ template_filter ] --END-- [ RunTime:0.000167s ]
INFO: Run Behavior\ParseTemplateBehavior [ RunTime:0.014308s ]
INFO: [ view_parse ] --END-- [ RunTime:0.014388s ]
INFO: [ view_filter ] --START--
INFO: Run Behavior\WriteHtmlCacheBehavior [ RunTime:0.000376s ]
INFO: [ view_filter ] --END-- [ RunTime:0.000424s ]
INFO: [ app_end ] --START--
INFO: Run Behavior\ShowPageTraceBehavior [ RunTime:0.000621s ]
INFO: [ app_end ] --END-- [ RunTime:0.000686s ]

[ 2017-11-01T16:57:27+08:00 ] ::1 /index.php/Admin/index/images/adam-jansen.jpg
INFO: [ app_init ] --START--
INFO: Run Behavior\BuildLiteBehavior [ RunTime:0.000036s ]
INFO: [ app_init ] --END-- [ RunTime:0.000822s ]

[ 2017-11-01T16:57:31+08:00 ] ::1 /index.php/Admin/Menu/lst/activeId/2.html
INFO: [ app_init ] --START--
INFO: Run Behavior\BuildLiteBehavior [ RunTime:0.000011s ]
INFO: [ app_init ] --END-- [ RunTime:0.000418s ]
INFO: [ app_begin ] --START--
INFO: Run Behavior\ReadHtmlCacheBehavior [ RunTime:0.000684s ]
INFO: [ app_begin ] --END-- [ RunTime:0.000726s ]
NOTIC: [2048] Declaration of Admin\Model\AdminNavModel::getTreeData() should be compatible with Admin\Model\BaseModel::getTreeData($type = 'tree', $order = '', $name = 'name', $child = 'id', $parent = 'pid') D:\PHPStudy\WWW\myproject\Application\Admin\Model\AdminNavModel.class.php 第 10 行.
SQL: SHOW COLUMNS FROM `xf_admin_nav` [ RunTime:0.0239s ]
SQL: SELECT * FROM `xf_admin_nav` ORDER BY sort is null,sort,id  [ RunTime:0.0014s ]
SQL: SHOW COLUMNS FROM `xf_auth_group_access` [ RunTime:0.0148s ]
SQL: SELECT `uid`,`group_id`,`title`,`rules` FROM xf_auth_group_access a INNER JOIN xf_auth_group g on a.group_id=g.id  WHERE ( a.uid='1' and g.status='1' )  [ RunTime:0.0006s ]
SQL: SHOW COLUMNS FROM `xf_auth_rule` [ RunTime:0.0109s ]
SQL: SELECT `condition`,`name` FROM `xf_auth_rule` WHERE `id` IN ('1','2','7','8','9','10','11','12','15','16','17','13','18','19','20','21','22','14','23','24','25') AND `type` = 1 AND `status` = 1  [ RunTime:0.0006s ]
SQL: SELECT * FROM `xf_admin_nav` WHERE `id` = 2 LIMIT 1   [ RunTime:0.0005s ]
SQL: SHOW COLUMNS FROM `xf_admin_nav` [ RunTime:0.0100s ]
SQL: SELECT * FROM `xf_admin_nav` ORDER BY sort is null,sort,id  [ RunTime:0.0004s ]
INFO: [ view_parse ] --START--
INFO: [ template_filter ] --START--
INFO: Run Behavior\ContentReplaceBehavior [ RunTime:0.000136s ]
INFO: [ template_filter ] --END-- [ RunTime:0.000218s ]
INFO: Run Behavior\ParseTemplateBehavior [ RunTime:0.013296s ]
INFO: [ view_parse ] --END-- [ RunTime:0.013349s ]
INFO: [ view_filter ] --START--
INFO: Run Behavior\WriteHtmlCacheBehavior [ RunTime:0.000640s ]
INFO: [ view_filter ] --END-- [ RunTime:0.000677s ]
INFO: [ app_end ] --START--
INFO: Run Behavior\ShowPageTraceBehavior [ RunTime:0.001222s ]
INFO: [ app_end ] --END-- [ RunTime:0.001287s ]

[ 2017-11-01T16:57:31+08:00 ] ::1 /index.php/Admin/Menu/lst/activeId/images/adam-jansen.jpg
INFO: [ app_init ] --START--
INFO: Run Behavior\BuildLiteBehavior [ RunTime:0.000013s ]
INFO: [ app_init ] --END-- [ RunTime:0.000489s ]

[ 2017-11-01T16:57:37+08:00 ] ::1 /index.php/Admin/Rule/group/activeId/5.html
INFO: [ app_init ] --START--
INFO: Run Behavior\BuildLiteBehavior [ RunTime:0.000011s ]
INFO: [ app_init ] --END-- [ RunTime:0.000367s ]
INFO: [ app_begin ] --START--
INFO: Run Behavior\ReadHtmlCacheBehavior [ RunTime:0.000452s ]
INFO: [ app_begin ] --END-- [ RunTime:0.000498s ]
NOTIC: [2048] Declaration of Admin\Model\AdminNavModel::getTreeData() should be compatible with Admin\Model\BaseModel::getTreeData($type = 'tree', $order = '', $name = 'name', $child = 'id', $parent = 'pid') D:\PHPStudy\WWW\myproject\Application\Admin\Model\AdminNavModel.class.php 第 10 行.
SQL: SHOW COLUMNS FROM `xf_admin_nav` [ RunTime:0.0145s ]
SQL: SELECT * FROM `xf_admin_nav` ORDER BY sort is null,sort,id  [ RunTime:0.0008s ]
SQL: SHOW COLUMNS FROM `xf_auth_group_access` [ RunTime:0.0130s ]
SQL: SELECT `uid`,`group_id`,`title`,`rules` FROM xf_auth_group_access a INNER JOIN xf_auth_group g on a.group_id=g.id  WHERE ( a.uid='1' and g.status='1' )  [ RunTime:0.0007s ]
SQL: SHOW COLUMNS FROM `xf_auth_rule` [ RunTime:0.0142s ]
SQL: SELECT `condition`,`name` FROM `xf_auth_rule` WHERE `id` IN ('1','2','7','8','9','10','11','12','15','16','17','13','18','19','20','21','22','14','23','24','25') AND `type` = 1 AND `status` = 1  [ RunTime:0.0009s ]
SQL: SELECT * FROM `xf_admin_nav` WHERE `id` = 5 LIMIT 1   [ RunTime:0.0006s ]
SQL: SHOW COLUMNS FROM `xf_auth_group` [ RunTime:0.0144s ]
SQL: SELECT * FROM `xf_auth_group`  [ RunTime:0.0006s ]
INFO: [ view_parse ] --START--
INFO: [ template_filter ] --START--
INFO: Run Behavior\ContentReplaceBehavior [ RunTime:0.000126s ]
INFO: [ template_filter ] --END-- [ RunTime:0.000170s ]
INFO: Run Behavior\ParseTemplateBehavior [ RunTime:0.013960s ]
INFO: [ view_parse ] --END-- [ RunTime:0.014044s ]
INFO: [ view_filter ] --START--
INFO: Run Behavior\WriteHtmlCacheBehavior [ RunTime:0.000595s ]
INFO: [ view_filter ] --END-- [ RunTime:0.000626s ]
INFO: [ app_end ] --START--
INFO: Run Behavior\ShowPageTraceBehavior [ RunTime:0.001142s ]
INFO: [ app_end ] --END-- [ RunTime:0.001212s ]

[ 2017-11-01T16:57:37+08:00 ] ::1 /index.php/Admin/Rule/group/activeId/images/adam-jansen.jpg
INFO: [ app_init ] --START--
INFO: Run Behavior\BuildLiteBehavior [ RunTime:0.000014s ]
INFO: [ app_init ] --END-- [ RunTime:0.000429s ]

[ 2017-11-01T16:57:41+08:00 ] ::1 /index.php/Admin/AdminUsers/lst/activeId/6.html
INFO: [ app_init ] --START--
INFO: Run Behavior\BuildLiteBehavior [ RunTime:0.000050s ]
INFO: [ app_init ] --END-- [ RunTime:0.000930s ]
INFO: [ app_begin ] --START--
INFO: Run Behavior\ReadHtmlCacheBehavior [ RunTime:0.000454s ]
INFO: [ app_begin ] --END-- [ RunTime:0.000496s ]
NOTIC: [2048] Declaration of Admin\Model\AdminNavModel::getTreeData() should be compatible with Admin\Model\BaseModel::getTreeData($type = 'tree', $order = '', $name = 'name', $child = 'id', $parent = 'pid') D:\PHPStudy\WWW\myproject\Application\Admin\Model\AdminNavModel.class.php 第 10 行.
SQL: SHOW COLUMNS FROM `xf_admin_nav` [ RunTime:0.0190s ]
SQL: SELECT * FROM `xf_admin_nav` ORDER BY sort is null,sort,id  [ RunTime:0.0005s ]
SQL: SHOW COLUMNS FROM `xf_auth_group_access` [ RunTime:0.0094s ]
SQL: SELECT `uid`,`group_id`,`title`,`rules` FROM xf_auth_group_access a INNER JOIN xf_auth_group g on a.group_id=g.id  WHERE ( a.uid='1' and g.status='1' )  [ RunTime:0.0004s ]
SQL: SHOW COLUMNS FROM `xf_auth_rule` [ RunTime:0.0085s ]
SQL: SELECT `condition`,`name` FROM `xf_auth_rule` WHERE `id` IN ('1','2','7','8','9','10','11','12','15','16','17','13','18','19','20','21','22','14','23','24','25') AND `type` = 1 AND `status` = 1  [ RunTime:0.0005s ]
SQL: SELECT * FROM `xf_admin_nav` WHERE `id` = 6 LIMIT 1   [ RunTime:0.0005s ]
SQL: SHOW COLUMNS FROM `xf_auth_group_access` [ RunTime:0.0086s ]
SQL: SELECT u.id,u.username,aga.group_id,g.title FROM xf_auth_group_access aga RIGHT JOIN xf_admin_user u ON u.id=aga.uid LEFT JOIN xf_auth_group g ON aga.group_id=g.id   [ RunTime:0.0007s ]
INFO: [ view_parse ] --START--
INFO: [ template_filter ] --START--
INFO: Run Behavior\ContentReplaceBehavior [ RunTime:0.000094s ]
INFO: [ template_filter ] --END-- [ RunTime:0.000145s ]
INFO: Run Behavior\ParseTemplateBehavior [ RunTime:0.012213s ]
INFO: [ view_parse ] --END-- [ RunTime:0.012277s ]
INFO: [ view_filter ] --START--
INFO: Run Behavior\WriteHtmlCacheBehavior [ RunTime:0.000787s ]
INFO: [ view_filter ] --END-- [ RunTime:0.000830s ]
INFO: [ app_end ] --START--
INFO: Run Behavior\ShowPageTraceBehavior [ RunTime:0.001393s ]
INFO: [ app_end ] --END-- [ RunTime:0.001465s ]

[ 2017-11-01T16:57:41+08:00 ] ::1 /index.php/Admin/AdminUsers/lst/activeId/images/adam-jansen.jpg
INFO: [ app_init ] --START--
INFO: Run Behavior\BuildLiteBehavior [ RunTime:0.000013s ]
INFO: [ app_init ] --END-- [ RunTime:0.000500s ]

[ 2017-11-01T16:57:50+08:00 ] ::1 /index.php/Admin/adminUsers/edit/id/1.html
INFO: [ app_init ] --START--
INFO: Run Behavior\BuildLiteBehavior [ RunTime:0.000009s ]
INFO: [ app_init ] --END-- [ RunTime:0.000364s ]
INFO: [ app_begin ] --START--
INFO: Run Behavior\ReadHtmlCacheBehavior [ RunTime:0.001210s ]
INFO: [ app_begin ] --END-- [ RunTime:0.001345s ]
NOTIC: [2048] Declaration of Admin\Model\AdminNavModel::getTreeData() should be compatible with Admin\Model\BaseModel::getTreeData($type = 'tree', $order = '', $name = 'name', $child = 'id', $parent = 'pid') D:\PHPStudy\WWW\myproject\Application\Admin\Model\AdminNavModel.class.php 第 10 行.
SQL: SHOW COLUMNS FROM `xf_admin_nav` [ RunTime:0.0230s ]
SQL: SELECT * FROM `xf_admin_nav` ORDER BY sort is null,sort,id  [ RunTime:0.0011s ]
SQL: SHOW COLUMNS FROM `xf_auth_group_access` [ RunTime:0.0249s ]
SQL: SELECT `uid`,`group_id`,`title`,`rules` FROM xf_auth_group_access a INNER JOIN xf_auth_group g on a.group_id=g.id  WHERE ( a.uid='1' and g.status='1' )  [ RunTime:0.0013s ]
SQL: SHOW COLUMNS FROM `xf_auth_rule` [ RunTime:0.0162s ]
SQL: SELECT `condition`,`name` FROM `xf_auth_rule` WHERE `id` IN ('1','2','7','8','9','10','11','12','15','16','17','13','18','19','20','21','22','14','23','24','25') AND `type` = 1 AND `status` = 1  [ RunTime:0.0010s ]
SQL: SELECT * FROM `xf_admin_nav` WHERE `id` = 0 LIMIT 1   [ RunTime:0.0006s ]
SQL: SHOW COLUMNS FROM `xf_admin_user` [ RunTime:0.0129s ]
SQL: SELECT * FROM `xf_admin_user` WHERE `id` = 1 LIMIT 1   [ RunTime:0.0004s ]
SQL: SHOW COLUMNS FROM `xf_auth_group_access` [ RunTime:0.0075s ]
SQL: SELECT `group_id` FROM `xf_auth_group_access` WHERE `uid` = 1  [ RunTime:0.0003s ]
SQL: SHOW COLUMNS FROM `xf_auth_group` [ RunTime:0.0070s ]
SQL: SELECT * FROM `xf_auth_group`  [ RunTime:0.0003s ]
INFO: [ view_parse ] --START--
INFO: [ template_filter ] --START--
INFO: Run Behavior\ContentReplaceBehavior [ RunTime:0.000107s ]
INFO: [ template_filter ] --END-- [ RunTime:0.000148s ]
NOTIC: [8] Undefined index: pid D:\PHPStudy\WWW\myproject\Application\Runtime\Cache\Admin\781e0e7a6993b8895246e427c7faa74e.php 第 106 行.
NOTIC: [8] Undefined index: id D:\PHPStudy\WWW\myproject\Application\Runtime\Cache\Admin\781e0e7a6993b8895246e427c7faa74e.php 第 113 行.
NOTIC: [8] Undefined index: pid D:\PHPStudy\WWW\myproject\Application\Runtime\Cache\Admin\781e0e7a6993b8895246e427c7faa74e.php 第 106 行.
NOTIC: [8] Undefined index: id D:\PHPStudy\WWW\myproject\Application\Runtime\Cache\Admin\781e0e7a6993b8895246e427c7faa74e.php 第 113 行.
NOTIC: [8] Undefined index: id D:\PHPStudy\WWW\myproject\Application\Runtime\Cache\Admin\781e0e7a6993b8895246e427c7faa74e.php 第 113 行.
NOTIC: [8] Undefined index: id D:\PHPStudy\WWW\myproject\Application\Runtime\Cache\Admin\781e0e7a6993b8895246e427c7faa74e.php 第 113 行.
INFO: Run Behavior\ParseTemplateBehavior [ RunTime:0.010416s ]
INFO: [ view_parse ] --END-- [ RunTime:0.010733s ]
INFO: [ view_filter ] --START--
INFO: Run Behavior\WriteHtmlCacheBehavior [ RunTime:0.000653s ]
INFO: [ view_filter ] --END-- [ RunTime:0.000689s ]
INFO: [ app_end ] --START--
INFO: Run Behavior\ShowPageTraceBehavior [ RunTime:0.001256s ]
INFO: [ app_end ] --END-- [ RunTime:0.001322s ]

[ 2017-11-01T16:57:50+08:00 ] ::1 /index.php/Admin/adminUsers/edit/id/images/adam-jansen.jpg
INFO: [ app_init ] --START--
INFO: Run Behavior\BuildLiteBehavior [ RunTime:0.000015s ]
INFO: [ app_init ] --END-- [ RunTime:0.000478s ]

[ 2017-11-01T16:57:55+08:00 ] ::1 /index.php/Admin/adminUsers/edit/id/1.html
INFO: [ app_init ] --START--
INFO: Run Behavior\BuildLiteBehavior [ RunTime:0.000009s ]
INFO: [ app_init ] --END-- [ RunTime:0.000299s ]
INFO: [ app_begin ] --START--
INFO: Run Behavior\ReadHtmlCacheBehavior [ RunTime:0.000369s ]
INFO: [ app_begin ] --END-- [ RunTime:0.000406s ]
NOTIC: [2048] Declaration of Admin\Model\AdminNavModel::getTreeData() should be compatible with Admin\Model\BaseModel::getTreeData($type = 'tree', $order = '', $name = 'name', $child = 'id', $parent = 'pid') D:\PHPStudy\WWW\myproject\Application\Admin\Model\AdminNavModel.class.php 第 10 行.
SQL: SHOW COLUMNS FROM `xf_admin_nav` [ RunTime:0.0231s ]
SQL: SELECT * FROM `xf_admin_nav` ORDER BY sort is null,sort,id  [ RunTime:0.0008s ]
SQL: SHOW COLUMNS FROM `xf_auth_group_access` [ RunTime:0.0165s ]
SQL: SELECT `uid`,`group_id`,`title`,`rules` FROM xf_auth_group_access a INNER JOIN xf_auth_group g on a.group_id=g.id  WHERE ( a.uid='1' and g.status='1' )  [ RunTime:0.0008s ]
SQL: SHOW COLUMNS FROM `xf_auth_rule` [ RunTime:0.0179s ]
SQL: SELECT `condition`,`name` FROM `xf_auth_rule` WHERE `id` IN ('1','2','7','8','9','10','11','12','15','16','17','13','18','19','20','21','22','14','23','24','25') AND `type` = 1 AND `status` = 1  [ RunTime:0.0015s ]
SQL: SELECT * FROM `xf_admin_nav` WHERE `id` = 0 LIMIT 1   [ RunTime:0.0008s ]
SQL: SHOW COLUMNS FROM `xf_admin_user` [ RunTime:0.0163s ]
SQL: SELECT * FROM `xf_admin_user` WHERE `id` = 1 LIMIT 1   [ RunTime:0.0009s ]
SQL: SHOW COLUMNS FROM `xf_auth_group_access` [ RunTime:0.0084s ]
SQL: SELECT `group_id` FROM `xf_auth_group_access` WHERE `uid` = 1  [ RunTime:0.0004s ]
SQL: SHOW COLUMNS FROM `xf_auth_group` [ RunTime:0.0102s ]
SQL: SELECT * FROM `xf_auth_group`  [ RunTime:0.0004s ]
INFO: [ view_parse ] --START--
INFO: [ template_filter ] --START--
INFO: Run Behavior\ContentReplaceBehavior [ RunTime:0.000109s ]
INFO: [ template_filter ] --END-- [ RunTime:0.000169s ]
NOTIC: [8] Undefined index: pid D:\PHPStudy\WWW\myproject\Application\Runtime\Cache\Admin\781e0e7a6993b8895246e427c7faa74e.php 第 106 行.
NOTIC: [8] Undefined index: id D:\PHPStudy\WWW\myproject\Application\Runtime\Cache\Admin\781e0e7a6993b8895246e427c7faa74e.php 第 113 行.
NOTIC: [8] Undefined index: pid D:\PHPStudy\WWW\myproject\Application\Runtime\Cache\Admin\781e0e7a6993b8895246e427c7faa74e.php 第 106 行.
NOTIC: [8] Undefined index: id D:\PHPStudy\WWW\myproject\Application\Runtime\Cache\Admin\781e0e7a6993b8895246e427c7faa74e.php 第 113 行.
NOTIC: [8] Undefined index: id D:\PHPStudy\WWW\myproject\Application\Runtime\Cache\Admin\781e0e7a6993b8895246e427c7faa74e.php 第 113 行.
NOTIC: [8] Undefined index: id D:\PHPStudy\WWW\myproject\Application\Runtime\Cache\Admin\781e0e7a6993b8895246e427c7faa74e.php 第 113 行.
INFO: Run Behavior\ParseTemplateBehavior [ RunTime:0.011658s ]
INFO: [ view_parse ] --END-- [ RunTime:0.011702s ]
INFO: [ view_filter ] --START--
INFO: Run Behavior\WriteHtmlCacheBehavior [ RunTime:0.000664s ]
INFO: [ view_filter ] --END-- [ RunTime:0.000696s ]
INFO: [ app_end ] --START--
INFO: Run Behavior\ShowPageTraceBehavior [ RunTime:0.001077s ]
INFO: [ app_end ] --END-- [ RunTime:0.001131s ]

[ 2017-11-01T16:57:55+08:00 ] ::1 /index.php/Admin/adminUsers/edit/id/images/adam-jansen.jpg
INFO: [ app_init ] --START--
INFO: Run Behavior\BuildLiteBehavior [ RunTime:0.000017s ]
INFO: [ app_init ] --END-- [ RunTime:0.000595s ]

