[ 2017-11-15T16:53:07+08:00 ] ::1 /admin
INFO: [ app_init ] --START--
INFO: Run Behavior\BuildLiteBehavior [ RunTime:0.000036s ]
INFO: [ app_init ] --END-- [ RunTime:0.000600s ]
INFO: [ app_begin ] --START--
INFO: Run Behavior\ReadHtmlCacheBehavior [ RunTime:0.001110s ]
INFO: [ app_begin ] --END-- [ RunTime:0.001178s ]

[ 2017-11-15T16:53:12+08:00 ] ::1 /index.php/Admin/login/login.html
INFO: [ app_init ] --START--
INFO: Run Behavior\BuildLiteBehavior [ RunTime:0.000017s ]
INFO: [ app_init ] --END-- [ RunTime:0.000597s ]
INFO: [ app_begin ] --START--
INFO: Run Behavior\ReadHtmlCacheBehavior [ RunTime:0.000737s ]
INFO: [ app_begin ] --END-- [ RunTime:0.000793s ]
INFO: [ view_parse ] --START--
INFO: [ template_filter ] --START--
INFO: Run Behavior\ContentReplaceBehavior [ RunTime:0.000325s ]
INFO: [ template_filter ] --END-- [ RunTime:0.000382s ]
INFO: Run Behavior\ParseTemplateBehavior [ RunTime:0.011007s ]
INFO: [ view_parse ] --END-- [ RunTime:0.011080s ]
INFO: [ view_filter ] --START--
INFO: Run Behavior\WriteHtmlCacheBehavior [ RunTime:0.000617s ]
INFO: [ view_filter ] --END-- [ RunTime:0.000657s ]
INFO: [ app_end ] --START--
INFO: Run Behavior\ShowPageTraceBehavior [ RunTime:0.000739s ]
INFO: [ app_end ] --END-- [ RunTime:0.000787s ]

[ 2017-11-15T16:53:22+08:00 ] ::1 /index.php/Admin/login/signout.html
INFO: [ app_init ] --START--
INFO: Run Behavior\BuildLiteBehavior [ RunTime:0.000012s ]
INFO: [ app_init ] --END-- [ RunTime:0.000386s ]
INFO: [ app_begin ] --START--
INFO: Run Behavior\ReadHtmlCacheBehavior [ RunTime:0.000562s ]
INFO: [ app_begin ] --END-- [ RunTime:0.000611s ]
SQL: SHOW COLUMNS FROM `xf_admin_user` [ RunTime:0.0146s ]
SQL: SELECT * FROM `xf_admin_user` WHERE `username` = 'admin' LIMIT 1   [ RunTime:0.0012s ]
INFO: [ view_parse ] --START--
INFO: [ template_filter ] --START--
INFO: Run Behavior\ContentReplaceBehavior [ RunTime:0.000132s ]
INFO: [ template_filter ] --END-- [ RunTime:0.000290s ]
INFO: Run Behavior\ParseTemplateBehavior [ RunTime:0.021034s ]
INFO: [ view_parse ] --END-- [ RunTime:0.021236s ]
INFO: [ view_filter ] --START--
INFO: Run Behavior\WriteHtmlCacheBehavior [ RunTime:0.002198s ]
INFO: [ view_filter ] --END-- [ RunTime:0.002347s ]
INFO: [ app_end ] --START--
INFO: Run Behavior\ShowPageTraceBehavior [ RunTime:0.002362s ]
INFO: [ app_end ] --END-- [ RunTime:0.002523s ]

[ 2017-11-15T16:53:25+08:00 ] ::1 /index.php/Admin/index/index.html
INFO: [ app_init ] --START--
INFO: Run Behavior\BuildLiteBehavior [ RunTime:0.000014s ]
INFO: [ app_init ] --END-- [ RunTime:0.000411s ]
INFO: [ app_begin ] --START--
INFO: Run Behavior\ReadHtmlCacheBehavior [ RunTime:0.000956s ]
INFO: [ app_begin ] --END-- [ RunTime:0.001027s ]
NOTIC: [2048] Declaration of Admin\Model\AdminNavModel::getTreeData() should be compatible with Admin\Model\BaseModel::getTreeData($type = 'tree', $order = '', $name = 'name', $child = 'id', $parent = 'pid') D:\PHPStudy\WWW\myproject\Application\Admin\Model\AdminNavModel.class.php 第 10 行.
SQL: SHOW COLUMNS FROM `xf_admin_nav` [ RunTime:0.0063s ]
SQL: SELECT * FROM `xf_admin_nav` ORDER BY sort is null,sort,id  [ RunTime:0.0006s ]
SQL: SHOW COLUMNS FROM `xf_auth_group_access` [ RunTime:0.0056s ]
SQL: SELECT `uid`,`group_id`,`title`,`rules` FROM xf_auth_group_access a INNER JOIN xf_auth_group g on a.group_id=g.id  WHERE ( a.uid='1' and g.status='1' )  [ RunTime:0.0018s ]
SQL: SHOW COLUMNS FROM `xf_auth_rule` [ RunTime:0.0066s ]
SQL: SELECT `condition`,`name` FROM `xf_auth_rule` WHERE `id` IN ('1','2','7','8','9','10','11','12','15','16','17','13','18','19','20','21','22','14','23','24','25','26','27','28','29') AND `type` = 1 AND `status` = 1  [ RunTime:0.0010s ]
SQL: SELECT * FROM `xf_admin_nav` WHERE `id` = 0 LIMIT 1   [ RunTime:0.0004s ]
INFO: [ view_parse ] --START--
INFO: [ template_filter ] --START--
INFO: Run Behavior\ContentReplaceBehavior [ RunTime:0.000098s ]
INFO: [ template_filter ] --END-- [ RunTime:0.000195s ]
INFO: Run Behavior\ParseTemplateBehavior [ RunTime:0.013888s ]
INFO: [ view_parse ] --END-- [ RunTime:0.013946s ]
INFO: [ view_filter ] --START--
INFO: Run Behavior\WriteHtmlCacheBehavior [ RunTime:0.000534s ]
INFO: [ view_filter ] --END-- [ RunTime:0.000573s ]
INFO: [ app_end ] --START--
INFO: Run Behavior\ShowPageTraceBehavior [ RunTime:0.001113s ]
INFO: [ app_end ] --END-- [ RunTime:0.001178s ]

[ 2017-11-15T16:53:26+08:00 ] ::1 /index.php/Admin/index/images/adam-jansen.jpg
INFO: [ app_init ] --START--
INFO: Run Behavior\BuildLiteBehavior [ RunTime:0.000013s ]
INFO: [ app_init ] --END-- [ RunTime:0.000479s ]

[ 2017-11-15T16:53:36+08:00 ] ::1 /index.php/Admin/Menu/lst/activeId/2.html
INFO: [ app_init ] --START--
INFO: Run Behavior\BuildLiteBehavior [ RunTime:0.000011s ]
INFO: [ app_init ] --END-- [ RunTime:0.000384s ]
INFO: [ app_begin ] --START--
INFO: Run Behavior\ReadHtmlCacheBehavior [ RunTime:0.001260s ]
INFO: [ app_begin ] --END-- [ RunTime:0.001330s ]
NOTIC: [2048] Declaration of Admin\Model\AdminNavModel::getTreeData() should be compatible with Admin\Model\BaseModel::getTreeData($type = 'tree', $order = '', $name = 'name', $child = 'id', $parent = 'pid') D:\PHPStudy\WWW\myproject\Application\Admin\Model\AdminNavModel.class.php 第 10 行.
SQL: SHOW COLUMNS FROM `xf_admin_nav` [ RunTime:0.0117s ]
SQL: SELECT * FROM `xf_admin_nav` ORDER BY sort is null,sort,id  [ RunTime:0.0011s ]
SQL: SHOW COLUMNS FROM `xf_auth_group_access` [ RunTime:0.0115s ]
SQL: SELECT `uid`,`group_id`,`title`,`rules` FROM xf_auth_group_access a INNER JOIN xf_auth_group g on a.group_id=g.id  WHERE ( a.uid='1' and g.status='1' )  [ RunTime:0.0007s ]
SQL: SHOW COLUMNS FROM `xf_auth_rule` [ RunTime:0.0082s ]
SQL: SELECT `condition`,`name` FROM `xf_auth_rule` WHERE `id` IN ('1','2','7','8','9','10','11','12','15','16','17','13','18','19','20','21','22','14','23','24','25','26','27','28','29') AND `type` = 1 AND `status` = 1  [ RunTime:0.0007s ]
SQL: SELECT * FROM `xf_admin_nav` WHERE `id` = 2 LIMIT 1   [ RunTime:0.0005s ]
SQL: SHOW COLUMNS FROM `xf_admin_nav` [ RunTime:0.0071s ]
SQL: SELECT * FROM `xf_admin_nav` ORDER BY sort is null,sort,id  [ RunTime:0.0011s ]
INFO: [ view_parse ] --START--
INFO: [ template_filter ] --START--
INFO: Run Behavior\ContentReplaceBehavior [ RunTime:0.000131s ]
INFO: [ template_filter ] --END-- [ RunTime:0.000216s ]
INFO: Run Behavior\ParseTemplateBehavior [ RunTime:0.018573s ]
INFO: [ view_parse ] --END-- [ RunTime:0.018663s ]
INFO: [ view_filter ] --START--
INFO: Run Behavior\WriteHtmlCacheBehavior [ RunTime:0.000683s ]
INFO: [ view_filter ] --END-- [ RunTime:0.000727s ]
INFO: [ app_end ] --START--
INFO: Run Behavior\ShowPageTraceBehavior [ RunTime:0.000904s ]
INFO: [ app_end ] --END-- [ RunTime:0.000959s ]

[ 2017-11-15T16:53:36+08:00 ] ::1 /index.php/Admin/Menu/lst/activeId/images/adam-jansen.jpg
INFO: [ app_init ] --START--
INFO: Run Behavior\BuildLiteBehavior [ RunTime:0.000014s ]
INFO: [ app_init ] --END-- [ RunTime:0.000466s ]

