[ 2017-10-25T08:45:05+08:00 ] ::1 /index.php/admin
INFO: [ app_init ] --START--
INFO: Run Behavior\BuildLiteBehavior [ RunTime:0.000014s ]
INFO: [ app_init ] --END-- [ RunTime:0.000523s ]
INFO: [ app_begin ] --START--
INFO: Run Behavior\ReadHtmlCacheBehavior [ RunTime:0.000346s ]
INFO: [ app_begin ] --END-- [ RunTime:0.000389s ]

[ 2017-10-25T08:45:05+08:00 ] ::1 /index.php/Admin/login/login.html
INFO: [ app_init ] --START--
INFO: Run Behavior\BuildLiteBehavior [ RunTime:0.000014s ]
INFO: [ app_init ] --END-- [ RunTime:0.000388s ]
INFO: [ app_begin ] --START--
INFO: Run Behavior\ReadHtmlCacheBehavior [ RunTime:0.000382s ]
INFO: [ app_begin ] --END-- [ RunTime:0.000436s ]
INFO: [ view_parse ] --START--
INFO: [ template_filter ] --START--
INFO: Run Behavior\ContentReplaceBehavior [ RunTime:0.001164s ]
INFO: [ template_filter ] --END-- [ RunTime:0.001307s ]
INFO: Run Behavior\ParseTemplateBehavior [ RunTime:0.012350s ]
INFO: [ view_parse ] --END-- [ RunTime:0.012400s ]
INFO: [ view_filter ] --START--
INFO: Run Behavior\WriteHtmlCacheBehavior [ RunTime:0.000235s ]
INFO: [ view_filter ] --END-- [ RunTime:0.000269s ]
INFO: [ app_end ] --START--
INFO: Run Behavior\ShowPageTraceBehavior [ RunTime:0.000403s ]
INFO: [ app_end ] --END-- [ RunTime:0.000438s ]

[ 2017-10-25T08:45:11+08:00 ] ::1 /index.php/Admin/login/signout.html
INFO: [ app_init ] --START--
INFO: Run Behavior\BuildLiteBehavior [ RunTime:0.000009s ]
INFO: [ app_init ] --END-- [ RunTime:0.000271s ]
INFO: [ app_begin ] --START--
INFO: Run Behavior\ReadHtmlCacheBehavior [ RunTime:0.000337s ]
INFO: [ app_begin ] --END-- [ RunTime:0.000376s ]
SQL: SHOW COLUMNS FROM `xf_admin_user` [ RunTime:0.0270s ]
SQL: SELECT * FROM `xf_admin_user` WHERE `username` = 'admin' LIMIT 1   [ RunTime:0.0026s ]
INFO: [ view_parse ] --START--
INFO: [ template_filter ] --START--
INFO: Run Behavior\ContentReplaceBehavior [ RunTime:0.000124s ]
INFO: [ template_filter ] --END-- [ RunTime:0.000263s ]
INFO: Run Behavior\ParseTemplateBehavior [ RunTime:0.015217s ]
INFO: [ view_parse ] --END-- [ RunTime:0.015394s ]
INFO: [ view_filter ] --START--
INFO: Run Behavior\WriteHtmlCacheBehavior [ RunTime:0.000698s ]
INFO: [ view_filter ] --END-- [ RunTime:0.000805s ]
INFO: [ app_end ] --START--
INFO: Run Behavior\ShowPageTraceBehavior [ RunTime:0.001191s ]
INFO: [ app_end ] --END-- [ RunTime:0.001287s ]

[ 2017-10-25T08:45:14+08:00 ] ::1 /index.php/Admin/index/index.html
INFO: [ app_init ] --START--
INFO: Run Behavior\BuildLiteBehavior [ RunTime:0.000029s ]
INFO: [ app_init ] --END-- [ RunTime:0.000717s ]
INFO: [ app_begin ] --START--
INFO: Run Behavior\ReadHtmlCacheBehavior [ RunTime:0.000689s ]
INFO: [ app_begin ] --END-- [ RunTime:0.000766s ]
NOTIC: [2048] Declaration of Admin\Model\AdminNavModel::getTreeData() should be compatible with Admin\Model\BaseModel::getTreeData($type = 'tree', $order = '', $name = 'name', $child = 'id', $parent = 'pid') D:\PHPStudy\WWW\myproject\Application\Admin\Model\AdminNavModel.class.php 第 10 行.
SQL: SHOW COLUMNS FROM `xf_admin_nav` [ RunTime:0.0173s ]
SQL: SELECT * FROM `xf_admin_nav` ORDER BY sort is null,sort,id  [ RunTime:0.0021s ]
SQL: SHOW COLUMNS FROM `xf_auth_group_access` [ RunTime:0.0165s ]
SQL: SELECT `uid`,`group_id`,`title`,`rules` FROM xf_auth_group_access a INNER JOIN xf_auth_group g on a.group_id=g.id  WHERE ( a.uid='1' and g.status='1' )  [ RunTime:0.0066s ]
SQL: SHOW COLUMNS FROM `xf_auth_rule` [ RunTime:0.0134s ]
SQL: SELECT `condition`,`name` FROM `xf_auth_rule` WHERE `id` IN ('1','2','7','8','9','10','11','12','15','16','17','13','18','19','20','21','22','14','23','24','25') AND `type` = 1 AND `status` = 1  [ RunTime:0.0015s ]
SQL: SELECT * FROM `xf_admin_nav` WHERE `id` = 0 LIMIT 1   [ RunTime:0.0005s ]
INFO: [ view_parse ] --START--
INFO: [ template_filter ] --START--
INFO: Run Behavior\ContentReplaceBehavior [ RunTime:0.000183s ]
INFO: [ template_filter ] --END-- [ RunTime:0.000324s ]
INFO: Run Behavior\ParseTemplateBehavior [ RunTime:0.020218s ]
INFO: [ view_parse ] --END-- [ RunTime:0.020324s ]
INFO: [ view_filter ] --START--
INFO: Run Behavior\WriteHtmlCacheBehavior [ RunTime:0.000498s ]
INFO: [ view_filter ] --END-- [ RunTime:0.000566s ]
INFO: [ app_end ] --START--
INFO: Run Behavior\ShowPageTraceBehavior [ RunTime:0.000880s ]
INFO: [ app_end ] --END-- [ RunTime:0.000965s ]

[ 2017-10-25T08:45:14+08:00 ] ::1 /index.php/Admin/index/images/adam-jansen.jpg
INFO: [ app_init ] --START--
INFO: Run Behavior\BuildLiteBehavior [ RunTime:0.000020s ]
INFO: [ app_init ] --END-- [ RunTime:0.000554s ]

[ 2017-10-25T08:49:23+08:00 ] ::1 /index.php/Admin/index/signout.html
INFO: [ app_init ] --START--
INFO: Run Behavior\BuildLiteBehavior [ RunTime:0.000010s ]
INFO: [ app_init ] --END-- [ RunTime:0.000334s ]
INFO: [ app_begin ] --START--
INFO: Run Behavior\ReadHtmlCacheBehavior [ RunTime:0.000495s ]
INFO: [ app_begin ] --END-- [ RunTime:0.000538s ]
NOTIC: [2048] Declaration of Admin\Model\AdminNavModel::getTreeData() should be compatible with Admin\Model\BaseModel::getTreeData($type = 'tree', $order = '', $name = 'name', $child = 'id', $parent = 'pid') D:\PHPStudy\WWW\myproject\Application\Admin\Model\AdminNavModel.class.php 第 10 行.
SQL: SHOW COLUMNS FROM `xf_admin_nav` [ RunTime:0.0096s ]
SQL: SELECT * FROM `xf_admin_nav` ORDER BY sort is null,sort,id  [ RunTime:0.0007s ]
SQL: SHOW COLUMNS FROM `xf_auth_group_access` [ RunTime:0.0086s ]
SQL: SELECT `uid`,`group_id`,`title`,`rules` FROM xf_auth_group_access a INNER JOIN xf_auth_group g on a.group_id=g.id  WHERE ( a.uid='1' and g.status='1' )  [ RunTime:0.0008s ]
SQL: SHOW COLUMNS FROM `xf_auth_rule` [ RunTime:0.0085s ]
SQL: SELECT `condition`,`name` FROM `xf_auth_rule` WHERE `id` IN ('1','2','7','8','9','10','11','12','15','16','17','13','18','19','20','21','22','14','23','24','25') AND `type` = 1 AND `status` = 1  [ RunTime:0.0009s ]
SQL: SELECT * FROM `xf_admin_nav` WHERE `id` = 0 LIMIT 1   [ RunTime:0.0005s ]

[ 2017-10-25T08:49:23+08:00 ] ::1 /index.php/Admin/login/login.html
INFO: [ app_init ] --START--
INFO: Run Behavior\BuildLiteBehavior [ RunTime:0.000018s ]
INFO: [ app_init ] --END-- [ RunTime:0.000490s ]
INFO: [ app_begin ] --START--
INFO: Run Behavior\ReadHtmlCacheBehavior [ RunTime:0.000527s ]
INFO: [ app_begin ] --END-- [ RunTime:0.000643s ]
INFO: [ view_parse ] --START--
INFO: [ template_filter ] --START--
INFO: Run Behavior\ContentReplaceBehavior [ RunTime:0.000057s ]
INFO: [ template_filter ] --END-- [ RunTime:0.000109s ]
INFO: Run Behavior\ParseTemplateBehavior [ RunTime:0.005853s ]
INFO: [ view_parse ] --END-- [ RunTime:0.005905s ]
INFO: [ view_filter ] --START--
INFO: Run Behavior\WriteHtmlCacheBehavior [ RunTime:0.000423s ]
INFO: [ view_filter ] --END-- [ RunTime:0.000462s ]
INFO: [ app_end ] --START--
INFO: Run Behavior\ShowPageTraceBehavior [ RunTime:0.000579s ]
INFO: [ app_end ] --END-- [ RunTime:0.000618s ]

[ 2017-10-25T08:49:29+08:00 ] ::1 /index.php/Admin/login/signout.html
INFO: [ app_init ] --START--
INFO: Run Behavior\BuildLiteBehavior [ RunTime:0.000010s ]
INFO: [ app_init ] --END-- [ RunTime:0.000304s ]
INFO: [ app_begin ] --START--
INFO: Run Behavior\ReadHtmlCacheBehavior [ RunTime:0.000362s ]
INFO: [ app_begin ] --END-- [ RunTime:0.000400s ]
SQL: SHOW COLUMNS FROM `xf_admin_user` [ RunTime:0.0106s ]
SQL: SELECT * FROM `xf_admin_user` WHERE `username` = 'admin' LIMIT 1   [ RunTime:0.0007s ]
ERR: 模板不存在:./Application/Admin/View/Public/dispatch_jump.htm

[ 2017-10-25T08:49:47+08:00 ] ::1 /index.php/Admin/login/signout.html
INFO: [ app_init ] --START--
INFO: Run Behavior\BuildLiteBehavior [ RunTime:0.000012s ]
INFO: [ app_init ] --END-- [ RunTime:0.000320s ]
INFO: [ app_begin ] --START--
INFO: Run Behavior\ReadHtmlCacheBehavior [ RunTime:0.000389s ]
INFO: [ app_begin ] --END-- [ RunTime:0.000440s ]
SQL: SHOW COLUMNS FROM `xf_admin_user` [ RunTime:0.0175s ]
SQL: SELECT * FROM `xf_admin_user` WHERE `username` = 'admin' LIMIT 1   [ RunTime:0.0012s ]
ERR: 模板不存在:./Application/Admin/View/Public/dispatch_jump.htm

[ 2017-10-25T08:50:50+08:00 ] ::1 /index.php/Admin/login/signout.html
INFO: [ app_init ] --START--
INFO: Run Behavior\BuildLiteBehavior [ RunTime:0.000012s ]
INFO: [ app_init ] --END-- [ RunTime:0.000333s ]
INFO: [ app_begin ] --START--
INFO: Run Behavior\ReadHtmlCacheBehavior [ RunTime:0.000535s ]
INFO: [ app_begin ] --END-- [ RunTime:0.000595s ]
SQL: SHOW COLUMNS FROM `xf_admin_user` [ RunTime:0.0137s ]
SQL: SELECT * FROM `xf_admin_user` WHERE `username` = 'admin' LIMIT 1   [ RunTime:0.0009s ]
INFO: [ view_parse ] --START--
INFO: [ template_filter ] --START--
INFO: Run Behavior\ContentReplaceBehavior [ RunTime:0.000078s ]
INFO: [ template_filter ] --END-- [ RunTime:0.000162s ]
INFO: Run Behavior\ParseTemplateBehavior [ RunTime:0.013019s ]
INFO: [ view_parse ] --END-- [ RunTime:0.013200s ]
INFO: [ view_filter ] --START--
INFO: Run Behavior\WriteHtmlCacheBehavior [ RunTime:0.000442s ]
INFO: [ view_filter ] --END-- [ RunTime:0.000507s ]
INFO: [ app_end ] --START--
INFO: Run Behavior\ShowPageTraceBehavior [ RunTime:0.000787s ]
INFO: [ app_end ] --END-- [ RunTime:0.000859s ]

[ 2017-10-25T08:50:52+08:00 ] ::1 /index.php/Admin/index/index.html
INFO: [ app_init ] --START--
INFO: Run Behavior\BuildLiteBehavior [ RunTime:0.000010s ]
INFO: [ app_init ] --END-- [ RunTime:0.000284s ]
INFO: [ app_begin ] --START--
INFO: Run Behavior\ReadHtmlCacheBehavior [ RunTime:0.000348s ]
INFO: [ app_begin ] --END-- [ RunTime:0.000386s ]
NOTIC: [2048] Declaration of Admin\Model\AdminNavModel::getTreeData() should be compatible with Admin\Model\BaseModel::getTreeData($type = 'tree', $order = '', $name = 'name', $child = 'id', $parent = 'pid') D:\PHPStudy\WWW\myproject\Application\Admin\Model\AdminNavModel.class.php 第 10 行.
SQL: SHOW COLUMNS FROM `xf_admin_nav` [ RunTime:0.0059s ]
SQL: SELECT * FROM `xf_admin_nav` ORDER BY sort is null,sort,id  [ RunTime:0.0004s ]
SQL: SHOW COLUMNS FROM `xf_auth_group_access` [ RunTime:0.0033s ]
SQL: SELECT `uid`,`group_id`,`title`,`rules` FROM xf_auth_group_access a INNER JOIN xf_auth_group g on a.group_id=g.id  WHERE ( a.uid='1' and g.status='1' )  [ RunTime:0.0004s ]
SQL: SHOW COLUMNS FROM `xf_auth_rule` [ RunTime:0.0037s ]
SQL: SELECT `condition`,`name` FROM `xf_auth_rule` WHERE `id` IN ('1','2','7','8','9','10','11','12','15','16','17','13','18','19','20','21','22','14','23','24','25') AND `type` = 1 AND `status` = 1  [ RunTime:0.0004s ]
SQL: SELECT * FROM `xf_admin_nav` WHERE `id` = 0 LIMIT 1   [ RunTime:0.0002s ]
INFO: [ view_parse ] --START--
INFO: [ template_filter ] --START--
INFO: Run Behavior\ContentReplaceBehavior [ RunTime:0.000104s ]
INFO: [ template_filter ] --END-- [ RunTime:0.000189s ]
INFO: Run Behavior\ParseTemplateBehavior [ RunTime:0.007365s ]
INFO: [ view_parse ] --END-- [ RunTime:0.007405s ]
INFO: [ view_filter ] --START--
INFO: Run Behavior\WriteHtmlCacheBehavior [ RunTime:0.000190s ]
INFO: [ view_filter ] --END-- [ RunTime:0.000218s ]
INFO: [ app_end ] --START--
INFO: Run Behavior\ShowPageTraceBehavior [ RunTime:0.000374s ]
INFO: [ app_end ] --END-- [ RunTime:0.000414s ]

[ 2017-10-25T08:50:52+08:00 ] ::1 /index.php/Admin/index/images/adam-jansen.jpg
INFO: [ app_init ] --START--
INFO: Run Behavior\BuildLiteBehavior [ RunTime:0.000012s ]
INFO: [ app_init ] --END-- [ RunTime:0.000305s ]

[ 2017-10-25T08:59:29+08:00 ] ::1 /index.php/Admin/index/signout.html
INFO: [ app_init ] --START--
INFO: Run Behavior\BuildLiteBehavior [ RunTime:0.000009s ]
INFO: [ app_init ] --END-- [ RunTime:0.000387s ]
INFO: [ app_begin ] --START--
INFO: Run Behavior\ReadHtmlCacheBehavior [ RunTime:0.000525s ]
INFO: [ app_begin ] --END-- [ RunTime:0.000562s ]
NOTIC: [2048] Declaration of Admin\Model\AdminNavModel::getTreeData() should be compatible with Admin\Model\BaseModel::getTreeData($type = 'tree', $order = '', $name = 'name', $child = 'id', $parent = 'pid') D:\PHPStudy\WWW\myproject\Application\Admin\Model\AdminNavModel.class.php 第 10 行.
SQL: SHOW COLUMNS FROM `xf_admin_nav` [ RunTime:0.0121s ]
SQL: SELECT * FROM `xf_admin_nav` ORDER BY sort is null,sort,id  [ RunTime:0.0009s ]
SQL: SHOW COLUMNS FROM `xf_auth_group_access` [ RunTime:0.0079s ]
SQL: SELECT `uid`,`group_id`,`title`,`rules` FROM xf_auth_group_access a INNER JOIN xf_auth_group g on a.group_id=g.id  WHERE ( a.uid='1' and g.status='1' )  [ RunTime:0.0006s ]
SQL: SHOW COLUMNS FROM `xf_auth_rule` [ RunTime:0.0047s ]
SQL: SELECT `condition`,`name` FROM `xf_auth_rule` WHERE `id` IN ('1','2','7','8','9','10','11','12','15','16','17','13','18','19','20','21','22','14','23','24','25') AND `type` = 1 AND `status` = 1  [ RunTime:0.0005s ]
SQL: SELECT * FROM `xf_admin_nav` WHERE `id` = 0 LIMIT 1   [ RunTime:0.0003s ]

[ 2017-10-25T08:59:29+08:00 ] ::1 /index.php/Admin/login/login.html
INFO: [ app_init ] --START--
INFO: Run Behavior\BuildLiteBehavior [ RunTime:0.000014s ]
INFO: [ app_init ] --END-- [ RunTime:0.000412s ]
INFO: [ app_begin ] --START--
INFO: Run Behavior\ReadHtmlCacheBehavior [ RunTime:0.000533s ]
INFO: [ app_begin ] --END-- [ RunTime:0.000597s ]
INFO: [ view_parse ] --START--
INFO: [ template_filter ] --START--
INFO: Run Behavior\ContentReplaceBehavior [ RunTime:0.000074s ]
INFO: [ template_filter ] --END-- [ RunTime:0.000137s ]
INFO: Run Behavior\ParseTemplateBehavior [ RunTime:0.006839s ]
INFO: [ view_parse ] --END-- [ RunTime:0.006896s ]
INFO: [ view_filter ] --START--
INFO: Run Behavior\WriteHtmlCacheBehavior [ RunTime:0.000438s ]
INFO: [ view_filter ] --END-- [ RunTime:0.000480s ]
INFO: [ app_end ] --START--
INFO: Run Behavior\ShowPageTraceBehavior [ RunTime:0.000791s ]
INFO: [ app_end ] --END-- [ RunTime:0.000837s ]

[ 2017-10-25T08:59:33+08:00 ] ::1 /index.php/Admin/login/signout.html
INFO: [ app_init ] --START--
INFO: Run Behavior\BuildLiteBehavior [ RunTime:0.000030s ]
INFO: [ app_init ] --END-- [ RunTime:0.000487s ]
INFO: [ app_begin ] --START--
INFO: Run Behavior\ReadHtmlCacheBehavior [ RunTime:0.000493s ]
INFO: [ app_begin ] --END-- [ RunTime:0.000553s ]
SQL: SHOW COLUMNS FROM `xf_admin_user` [ RunTime:0.0136s ]
SQL: SELECT * FROM `xf_admin_user` WHERE `username` = 'admin' LIMIT 1   [ RunTime:0.0007s ]
INFO: [ view_parse ] --START--
INFO: [ template_filter ] --START--
INFO: Run Behavior\ContentReplaceBehavior [ RunTime:0.000084s ]
INFO: [ template_filter ] --END-- [ RunTime:0.000174s ]
INFO: Run Behavior\ParseTemplateBehavior [ RunTime:0.009964s ]
INFO: [ view_parse ] --END-- [ RunTime:0.010086s ]
INFO: [ view_filter ] --START--
INFO: Run Behavior\WriteHtmlCacheBehavior [ RunTime:0.000669s ]
INFO: [ view_filter ] --END-- [ RunTime:0.000742s ]
INFO: [ app_end ] --START--
INFO: Run Behavior\ShowPageTraceBehavior [ RunTime:0.001391s ]
INFO: [ app_end ] --END-- [ RunTime:0.001472s ]

[ 2017-10-25T08:59:36+08:00 ] ::1 /index.php/Admin/index/index.html
INFO: [ app_init ] --START--
INFO: Run Behavior\BuildLiteBehavior [ RunTime:0.000016s ]
INFO: [ app_init ] --END-- [ RunTime:0.000448s ]
INFO: [ app_begin ] --START--
INFO: Run Behavior\ReadHtmlCacheBehavior [ RunTime:0.000567s ]
INFO: [ app_begin ] --END-- [ RunTime:0.000630s ]
NOTIC: [2048] Declaration of Admin\Model\AdminNavModel::getTreeData() should be compatible with Admin\Model\BaseModel::getTreeData($type = 'tree', $order = '', $name = 'name', $child = 'id', $parent = 'pid') D:\PHPStudy\WWW\myproject\Application\Admin\Model\AdminNavModel.class.php 第 10 行.
SQL: SHOW COLUMNS FROM `xf_admin_nav` [ RunTime:0.0052s ]
SQL: SELECT * FROM `xf_admin_nav` ORDER BY sort is null,sort,id  [ RunTime:0.0006s ]
SQL: SHOW COLUMNS FROM `xf_auth_group_access` [ RunTime:0.0038s ]
SQL: SELECT `uid`,`group_id`,`title`,`rules` FROM xf_auth_group_access a INNER JOIN xf_auth_group g on a.group_id=g.id  WHERE ( a.uid='1' and g.status='1' )  [ RunTime:0.0004s ]
SQL: SHOW COLUMNS FROM `xf_auth_rule` [ RunTime:0.0042s ]
SQL: SELECT `condition`,`name` FROM `xf_auth_rule` WHERE `id` IN ('1','2','7','8','9','10','11','12','15','16','17','13','18','19','20','21','22','14','23','24','25') AND `type` = 1 AND `status` = 1  [ RunTime:0.0005s ]
SQL: SELECT * FROM `xf_admin_nav` WHERE `id` = 0 LIMIT 1   [ RunTime:0.0003s ]
INFO: [ view_parse ] --START--
INFO: [ template_filter ] --START--
INFO: Run Behavior\ContentReplaceBehavior [ RunTime:0.000068s ]
INFO: [ template_filter ] --END-- [ RunTime:0.000112s ]
INFO: Run Behavior\ParseTemplateBehavior [ RunTime:0.009116s ]
INFO: [ view_parse ] --END-- [ RunTime:0.009187s ]
INFO: [ view_filter ] --START--
INFO: Run Behavior\WriteHtmlCacheBehavior [ RunTime:0.000332s ]
INFO: [ view_filter ] --END-- [ RunTime:0.000364s ]
INFO: [ app_end ] --START--
INFO: Run Behavior\ShowPageTraceBehavior [ RunTime:0.000947s ]
INFO: [ app_end ] --END-- [ RunTime:0.000996s ]

[ 2017-10-25T08:59:36+08:00 ] ::1 /index.php/Admin/index/images/adam-jansen.jpg
INFO: [ app_init ] --START--
INFO: Run Behavior\BuildLiteBehavior [ RunTime:0.000017s ]
INFO: [ app_init ] --END-- [ RunTime:0.000474s ]

[ 2017-10-25T08:59:54+08:00 ] ::1 /index.php/Admin/index/signout.html
INFO: [ app_init ] --START--
INFO: Run Behavior\BuildLiteBehavior [ RunTime:0.000012s ]
INFO: [ app_init ] --END-- [ RunTime:0.000356s ]
INFO: [ app_begin ] --START--
INFO: Run Behavior\ReadHtmlCacheBehavior [ RunTime:0.000377s ]
INFO: [ app_begin ] --END-- [ RunTime:0.000415s ]
NOTIC: [2048] Declaration of Admin\Model\AdminNavModel::getTreeData() should be compatible with Admin\Model\BaseModel::getTreeData($type = 'tree', $order = '', $name = 'name', $child = 'id', $parent = 'pid') D:\PHPStudy\WWW\myproject\Application\Admin\Model\AdminNavModel.class.php 第 10 行.
SQL: SHOW COLUMNS FROM `xf_admin_nav` [ RunTime:0.0128s ]
SQL: SELECT * FROM `xf_admin_nav` ORDER BY sort is null,sort,id  [ RunTime:0.0010s ]
SQL: SHOW COLUMNS FROM `xf_auth_group_access` [ RunTime:0.0132s ]
SQL: SELECT `uid`,`group_id`,`title`,`rules` FROM xf_auth_group_access a INNER JOIN xf_auth_group g on a.group_id=g.id  WHERE ( a.uid='1' and g.status='1' )  [ RunTime:0.0010s ]
SQL: SHOW COLUMNS FROM `xf_auth_rule` [ RunTime:0.0112s ]
SQL: SELECT `condition`,`name` FROM `xf_auth_rule` WHERE `id` IN ('1','2','7','8','9','10','11','12','15','16','17','13','18','19','20','21','22','14','23','24','25') AND `type` = 1 AND `status` = 1  [ RunTime:0.0006s ]
SQL: SELECT * FROM `xf_admin_nav` WHERE `id` = 0 LIMIT 1   [ RunTime:0.0003s ]

[ 2017-10-25T08:59:54+08:00 ] ::1 /index.php/Admin/login/login.html
INFO: [ app_init ] --START--
INFO: Run Behavior\BuildLiteBehavior [ RunTime:0.000017s ]
INFO: [ app_init ] --END-- [ RunTime:0.000492s ]
INFO: [ app_begin ] --START--
INFO: Run Behavior\ReadHtmlCacheBehavior [ RunTime:0.000472s ]
INFO: [ app_begin ] --END-- [ RunTime:0.000526s ]
INFO: [ view_parse ] --START--
INFO: [ template_filter ] --START--
INFO: Run Behavior\ContentReplaceBehavior [ RunTime:0.000050s ]
INFO: [ template_filter ] --END-- [ RunTime:0.000108s ]
INFO: Run Behavior\ParseTemplateBehavior [ RunTime:0.004881s ]
INFO: [ view_parse ] --END-- [ RunTime:0.004934s ]
INFO: [ view_filter ] --START--
INFO: Run Behavior\WriteHtmlCacheBehavior [ RunTime:0.000284s ]
INFO: [ view_filter ] --END-- [ RunTime:0.000314s ]
INFO: [ app_end ] --START--
INFO: Run Behavior\ShowPageTraceBehavior [ RunTime:0.000586s ]
INFO: [ app_end ] --END-- [ RunTime:0.000620s ]

[ 2017-10-25T08:59:59+08:00 ] ::1 /index.php/Admin/login/signout.html
INFO: [ app_init ] --START--
INFO: Run Behavior\BuildLiteBehavior [ RunTime:0.000010s ]
INFO: [ app_init ] --END-- [ RunTime:0.000268s ]
INFO: [ app_begin ] --START--
INFO: Run Behavior\ReadHtmlCacheBehavior [ RunTime:0.000329s ]
INFO: [ app_begin ] --END-- [ RunTime:0.000368s ]
SQL: SHOW COLUMNS FROM `xf_admin_user` [ RunTime:0.0147s ]
SQL: SELECT * FROM `xf_admin_user` WHERE `username` = 'admin' LIMIT 1   [ RunTime:0.0010s ]
INFO: [ view_parse ] --START--
INFO: [ template_filter ] --START--
INFO: Run Behavior\ContentReplaceBehavior [ RunTime:0.000078s ]
INFO: [ template_filter ] --END-- [ RunTime:0.000166s ]
INFO: Run Behavior\ParseTemplateBehavior [ RunTime:0.012045s ]
INFO: [ view_parse ] --END-- [ RunTime:0.012203s ]
INFO: [ view_filter ] --START--
INFO: Run Behavior\WriteHtmlCacheBehavior [ RunTime:0.000889s ]
INFO: [ view_filter ] --END-- [ RunTime:0.000991s ]
INFO: [ app_end ] --START--
INFO: Run Behavior\ShowPageTraceBehavior [ RunTime:0.001783s ]
INFO: [ app_end ] --END-- [ RunTime:0.001888s ]

[ 2017-10-25T09:00:02+08:00 ] ::1 /index.php/Admin/index/index.html
INFO: [ app_init ] --START--
INFO: Run Behavior\BuildLiteBehavior [ RunTime:0.000015s ]
INFO: [ app_init ] --END-- [ RunTime:0.000499s ]
INFO: [ app_begin ] --START--
INFO: Run Behavior\ReadHtmlCacheBehavior [ RunTime:0.000682s ]
INFO: [ app_begin ] --END-- [ RunTime:0.000759s ]
NOTIC: [2048] Declaration of Admin\Model\AdminNavModel::getTreeData() should be compatible with Admin\Model\BaseModel::getTreeData($type = 'tree', $order = '', $name = 'name', $child = 'id', $parent = 'pid') D:\PHPStudy\WWW\myproject\Application\Admin\Model\AdminNavModel.class.php 第 10 行.
SQL: SHOW COLUMNS FROM `xf_admin_nav` [ RunTime:0.0081s ]
SQL: SELECT * FROM `xf_admin_nav` ORDER BY sort is null,sort,id  [ RunTime:0.0007s ]
SQL: SHOW COLUMNS FROM `xf_auth_group_access` [ RunTime:0.0075s ]
SQL: SELECT `uid`,`group_id`,`title`,`rules` FROM xf_auth_group_access a INNER JOIN xf_auth_group g on a.group_id=g.id  WHERE ( a.uid='1' and g.status='1' )  [ RunTime:0.0006s ]
SQL: SHOW COLUMNS FROM `xf_auth_rule` [ RunTime:0.0075s ]
SQL: SELECT `condition`,`name` FROM `xf_auth_rule` WHERE `id` IN ('1','2','7','8','9','10','11','12','15','16','17','13','18','19','20','21','22','14','23','24','25') AND `type` = 1 AND `status` = 1  [ RunTime:0.0008s ]
SQL: SELECT * FROM `xf_admin_nav` WHERE `id` = 0 LIMIT 1   [ RunTime:0.0005s ]
INFO: [ view_parse ] --START--
INFO: [ template_filter ] --START--
INFO: Run Behavior\ContentReplaceBehavior [ RunTime:0.000169s ]
INFO: [ template_filter ] --END-- [ RunTime:0.000255s ]
INFO: Run Behavior\ParseTemplateBehavior [ RunTime:0.016138s ]
INFO: [ view_parse ] --END-- [ RunTime:0.016234s ]
INFO: [ view_filter ] --START--
INFO: Run Behavior\WriteHtmlCacheBehavior [ RunTime:0.000656s ]
INFO: [ view_filter ] --END-- [ RunTime:0.000722s ]
INFO: [ app_end ] --START--
INFO: Run Behavior\ShowPageTraceBehavior [ RunTime:0.001462s ]
INFO: [ app_end ] --END-- [ RunTime:0.001551s ]

[ 2017-10-25T09:00:02+08:00 ] ::1 /index.php/Admin/index/images/adam-jansen.jpg
INFO: [ app_init ] --START--
INFO: Run Behavior\BuildLiteBehavior [ RunTime:0.000011s ]
INFO: [ app_init ] --END-- [ RunTime:0.000302s ]

[ 2017-10-25T09:00:59+08:00 ] ::1 /index.php/Admin/Rule/lst/activeId/4.html
INFO: [ app_init ] --START--
INFO: Run Behavior\BuildLiteBehavior [ RunTime:0.000012s ]
INFO: [ app_init ] --END-- [ RunTime:0.000338s ]
INFO: [ app_begin ] --START--
INFO: Run Behavior\ReadHtmlCacheBehavior [ RunTime:0.000360s ]
INFO: [ app_begin ] --END-- [ RunTime:0.000404s ]
NOTIC: [2048] Declaration of Admin\Model\AdminNavModel::getTreeData() should be compatible with Admin\Model\BaseModel::getTreeData($type = 'tree', $order = '', $name = 'name', $child = 'id', $parent = 'pid') D:\PHPStudy\WWW\myproject\Application\Admin\Model\AdminNavModel.class.php 第 10 行.
SQL: SHOW COLUMNS FROM `xf_admin_nav` [ RunTime:0.0149s ]
SQL: SELECT * FROM `xf_admin_nav` ORDER BY sort is null,sort,id  [ RunTime:0.0011s ]
SQL: SHOW COLUMNS FROM `xf_auth_group_access` [ RunTime:0.0133s ]
SQL: SELECT `uid`,`group_id`,`title`,`rules` FROM xf_auth_group_access a INNER JOIN xf_auth_group g on a.group_id=g.id  WHERE ( a.uid='1' and g.status='1' )  [ RunTime:0.0010s ]
SQL: SHOW COLUMNS FROM `xf_auth_rule` [ RunTime:0.0145s ]
SQL: SELECT `condition`,`name` FROM `xf_auth_rule` WHERE `id` IN ('1','2','7','8','9','10','11','12','15','16','17','13','18','19','20','21','22','14','23','24','25') AND `type` = 1 AND `status` = 1  [ RunTime:0.0012s ]
SQL: SELECT * FROM `xf_admin_nav` WHERE `id` = 4 LIMIT 1   [ RunTime:0.0009s ]
SQL: SHOW COLUMNS FROM `xf_auth_rule` [ RunTime:0.0144s ]
SQL: SELECT * FROM `xf_auth_rule` ORDER BY id is null,id  [ RunTime:0.0019s ]
INFO: [ view_parse ] --START--
INFO: [ template_filter ] --START--
INFO: Run Behavior\ContentReplaceBehavior [ RunTime:0.000158s ]
INFO: [ template_filter ] --END-- [ RunTime:0.000239s ]
INFO: Run Behavior\ParseTemplateBehavior [ RunTime:0.021248s ]
INFO: [ view_parse ] --END-- [ RunTime:0.021362s ]
INFO: [ view_filter ] --START--
INFO: Run Behavior\WriteHtmlCacheBehavior [ RunTime:0.000543s ]
INFO: [ view_filter ] --END-- [ RunTime:0.000602s ]
INFO: [ app_end ] --START--
INFO: Run Behavior\ShowPageTraceBehavior [ RunTime:0.001379s ]
INFO: [ app_end ] --END-- [ RunTime:0.001471s ]

[ 2017-10-25T09:00:59+08:00 ] ::1 /index.php/Admin/Rule/lst/activeId/images/adam-jansen.jpg
INFO: [ app_init ] --START--
INFO: Run Behavior\BuildLiteBehavior [ RunTime:0.000011s ]
INFO: [ app_init ] --END-- [ RunTime:0.000320s ]

[ 2017-10-25T09:01:03+08:00 ] ::1 /index.php/Admin/Rule/group/activeId/5.html
INFO: [ app_init ] --START--
INFO: Run Behavior\BuildLiteBehavior [ RunTime:0.000014s ]
INFO: [ app_init ] --END-- [ RunTime:0.000470s ]
INFO: [ app_begin ] --START--
INFO: Run Behavior\ReadHtmlCacheBehavior [ RunTime:0.000435s ]
INFO: [ app_begin ] --END-- [ RunTime:0.000487s ]
NOTIC: [2048] Declaration of Admin\Model\AdminNavModel::getTreeData() should be compatible with Admin\Model\BaseModel::getTreeData($type = 'tree', $order = '', $name = 'name', $child = 'id', $parent = 'pid') D:\PHPStudy\WWW\myproject\Application\Admin\Model\AdminNavModel.class.php 第 10 行.
SQL: SHOW COLUMNS FROM `xf_admin_nav` [ RunTime:0.0132s ]
SQL: SELECT * FROM `xf_admin_nav` ORDER BY sort is null,sort,id  [ RunTime:0.0012s ]
SQL: SHOW COLUMNS FROM `xf_auth_group_access` [ RunTime:0.0126s ]
SQL: SELECT `uid`,`group_id`,`title`,`rules` FROM xf_auth_group_access a INNER JOIN xf_auth_group g on a.group_id=g.id  WHERE ( a.uid='1' and g.status='1' )  [ RunTime:0.0009s ]
SQL: SHOW COLUMNS FROM `xf_auth_rule` [ RunTime:0.0132s ]
SQL: SELECT `condition`,`name` FROM `xf_auth_rule` WHERE `id` IN ('1','2','7','8','9','10','11','12','15','16','17','13','18','19','20','21','22','14','23','24','25') AND `type` = 1 AND `status` = 1  [ RunTime:0.0008s ]
SQL: SELECT * FROM `xf_admin_nav` WHERE `id` = 5 LIMIT 1   [ RunTime:0.0005s ]
SQL: SHOW COLUMNS FROM `xf_auth_group` [ RunTime:0.0081s ]
SQL: SELECT * FROM `xf_auth_group`  [ RunTime:0.0005s ]
INFO: [ view_parse ] --START--
INFO: [ template_filter ] --START--
INFO: Run Behavior\ContentReplaceBehavior [ RunTime:0.000106s ]
INFO: [ template_filter ] --END-- [ RunTime:0.000160s ]
INFO: Run Behavior\ParseTemplateBehavior [ RunTime:0.017578s ]
INFO: [ view_parse ] --END-- [ RunTime:0.017649s ]
INFO: [ view_filter ] --START--
INFO: Run Behavior\WriteHtmlCacheBehavior [ RunTime:0.000370s ]
INFO: [ view_filter ] --END-- [ RunTime:0.000409s ]
INFO: [ app_end ] --START--
INFO: Run Behavior\ShowPageTraceBehavior [ RunTime:0.001263s ]
INFO: [ app_end ] --END-- [ RunTime:0.001342s ]

[ 2017-10-25T09:01:03+08:00 ] ::1 /index.php/Admin/Rule/group/activeId/images/adam-jansen.jpg
INFO: [ app_init ] --START--
INFO: Run Behavior\BuildLiteBehavior [ RunTime:0.000015s ]
INFO: [ app_init ] --END-- [ RunTime:0.000794s ]

[ 2017-10-25T09:01:06+08:00 ] ::1 /index.php/Admin/Rule/lst/activeId/4.html
INFO: [ app_init ] --START--
INFO: Run Behavior\BuildLiteBehavior [ RunTime:0.000011s ]
INFO: [ app_init ] --END-- [ RunTime:0.000308s ]
INFO: [ app_begin ] --START--
INFO: Run Behavior\ReadHtmlCacheBehavior [ RunTime:0.000387s ]
INFO: [ app_begin ] --END-- [ RunTime:0.000431s ]
NOTIC: [2048] Declaration of Admin\Model\AdminNavModel::getTreeData() should be compatible with Admin\Model\BaseModel::getTreeData($type = 'tree', $order = '', $name = 'name', $child = 'id', $parent = 'pid') D:\PHPStudy\WWW\myproject\Application\Admin\Model\AdminNavModel.class.php 第 10 行.
SQL: SHOW COLUMNS FROM `xf_admin_nav` [ RunTime:0.0138s ]
SQL: SELECT * FROM `xf_admin_nav` ORDER BY sort is null,sort,id  [ RunTime:0.0009s ]
SQL: SHOW COLUMNS FROM `xf_auth_group_access` [ RunTime:0.0125s ]
SQL: SELECT `uid`,`group_id`,`title`,`rules` FROM xf_auth_group_access a INNER JOIN xf_auth_group g on a.group_id=g.id  WHERE ( a.uid='1' and g.status='1' )  [ RunTime:0.0012s ]
SQL: SHOW COLUMNS FROM `xf_auth_rule` [ RunTime:0.0121s ]
SQL: SELECT `condition`,`name` FROM `xf_auth_rule` WHERE `id` IN ('1','2','7','8','9','10','11','12','15','16','17','13','18','19','20','21','22','14','23','24','25') AND `type` = 1 AND `status` = 1  [ RunTime:0.0013s ]
SQL: SELECT * FROM `xf_admin_nav` WHERE `id` = 4 LIMIT 1   [ RunTime:0.0005s ]
SQL: SHOW COLUMNS FROM `xf_auth_rule` [ RunTime:0.0070s ]
SQL: SELECT * FROM `xf_auth_rule` ORDER BY id is null,id  [ RunTime:0.0008s ]
INFO: [ view_parse ] --START--
INFO: [ template_filter ] --START--
INFO: Run Behavior\ContentReplaceBehavior [ RunTime:0.000161s ]
INFO: [ template_filter ] --END-- [ RunTime:0.000238s ]
INFO: Run Behavior\ParseTemplateBehavior [ RunTime:0.020351s ]
INFO: [ view_parse ] --END-- [ RunTime:0.020425s ]
INFO: [ view_filter ] --START--
INFO: Run Behavior\WriteHtmlCacheBehavior [ RunTime:0.000438s ]
INFO: [ view_filter ] --END-- [ RunTime:0.000478s ]
INFO: [ app_end ] --START--
INFO: Run Behavior\ShowPageTraceBehavior [ RunTime:0.001058s ]
INFO: [ app_end ] --END-- [ RunTime:0.001116s ]

[ 2017-10-25T09:01:06+08:00 ] ::1 /index.php/Admin/Rule/lst/activeId/images/adam-jansen.jpg
INFO: [ app_init ] --START--
INFO: Run Behavior\BuildLiteBehavior [ RunTime:0.000013s ]
INFO: [ app_init ] --END-- [ RunTime:0.000354s ]

