[ 2017-11-16T08:46:25+08:00 ] ::1 /admin
INFO: [ app_init ] --START--
INFO: Run Behavior\BuildLiteBehavior [ RunTime:0.000010s ]
INFO: [ app_init ] --END-- [ RunTime:0.000296s ]
INFO: [ app_begin ] --START--
INFO: Run Behavior\ReadHtmlCacheBehavior [ RunTime:0.000501s ]
INFO: [ app_begin ] --END-- [ RunTime:0.000552s ]

[ 2017-11-16T08:46:26+08:00 ] ::1 /index.php/Admin/login/login.html
INFO: [ app_init ] --START--
INFO: Run Behavior\BuildLiteBehavior [ RunTime:0.000016s ]
INFO: [ app_init ] --END-- [ RunTime:0.000297s ]
INFO: [ app_begin ] --START--
INFO: Run Behavior\ReadHtmlCacheBehavior [ RunTime:0.000435s ]
INFO: [ app_begin ] --END-- [ RunTime:0.000481s ]
INFO: [ view_parse ] --START--
INFO: [ template_filter ] --START--
INFO: Run Behavior\ContentReplaceBehavior [ RunTime:0.001228s ]
INFO: [ template_filter ] --END-- [ RunTime:0.001285s ]
INFO: Run Behavior\ParseTemplateBehavior [ RunTime:0.010888s ]
INFO: [ view_parse ] --END-- [ RunTime:0.010976s ]
INFO: [ view_filter ] --START--
INFO: Run Behavior\WriteHtmlCacheBehavior [ RunTime:0.000340s ]
INFO: [ view_filter ] --END-- [ RunTime:0.000377s ]
INFO: [ app_end ] --START--
INFO: Run Behavior\ShowPageTraceBehavior [ RunTime:0.000403s ]
INFO: [ app_end ] --END-- [ RunTime:0.000435s ]

[ 2017-11-16T08:46:32+08:00 ] ::1 /index.php/Admin/login/signout.html
INFO: [ app_init ] --START--
INFO: Run Behavior\BuildLiteBehavior [ RunTime:0.000063s ]
INFO: [ app_init ] --END-- [ RunTime:0.001523s ]
INFO: [ app_begin ] --START--
INFO: Run Behavior\ReadHtmlCacheBehavior [ RunTime:0.000736s ]
INFO: [ app_begin ] --END-- [ RunTime:0.000825s ]
SQL: SHOW COLUMNS FROM `xf_admin_user` [ RunTime:0.0272s ]
SQL: SELECT * FROM `xf_admin_user` WHERE `username` = 'admin' LIMIT 1   [ RunTime:0.0030s ]
INFO: [ view_parse ] --START--
INFO: [ template_filter ] --START--
INFO: Run Behavior\ContentReplaceBehavior [ RunTime:0.000129s ]
INFO: [ template_filter ] --END-- [ RunTime:0.000268s ]
INFO: Run Behavior\ParseTemplateBehavior [ RunTime:0.018878s ]
INFO: [ view_parse ] --END-- [ RunTime:0.019063s ]
INFO: [ view_filter ] --START--
INFO: Run Behavior\WriteHtmlCacheBehavior [ RunTime:0.001323s ]
INFO: [ view_filter ] --END-- [ RunTime:0.001453s ]
INFO: [ app_end ] --START--
INFO: Run Behavior\ShowPageTraceBehavior [ RunTime:0.002354s ]
INFO: [ app_end ] --END-- [ RunTime:0.002498s ]

[ 2017-11-16T08:46:34+08:00 ] ::1 /index.php/Admin/index/index.html
INFO: [ app_init ] --START--
INFO: Run Behavior\BuildLiteBehavior [ RunTime:0.000018s ]
INFO: [ app_init ] --END-- [ RunTime:0.000593s ]
INFO: [ app_begin ] --START--
INFO: Run Behavior\ReadHtmlCacheBehavior [ RunTime:0.000658s ]
INFO: [ app_begin ] --END-- [ RunTime:0.000731s ]
NOTIC: [2048] Declaration of Admin\Model\AdminNavModel::getTreeData() should be compatible with Admin\Model\BaseModel::getTreeData($type = 'tree', $order = '', $name = 'name', $child = 'id', $parent = 'pid') D:\PHPStudy\WWW\myproject\Application\Admin\Model\AdminNavModel.class.php 第 10 行.
SQL: SHOW COLUMNS FROM `xf_admin_nav` [ RunTime:0.0148s ]
SQL: SELECT * FROM `xf_admin_nav` ORDER BY sort is null,sort,id  [ RunTime:0.0017s ]
SQL: SHOW COLUMNS FROM `xf_auth_group_access` [ RunTime:0.0113s ]
SQL: SELECT `uid`,`group_id`,`title`,`rules` FROM xf_auth_group_access a INNER JOIN xf_auth_group g on a.group_id=g.id  WHERE ( a.uid='1' and g.status='1' )  [ RunTime:0.0038s ]
SQL: SHOW COLUMNS FROM `xf_auth_rule` [ RunTime:0.0075s ]
SQL: SELECT `condition`,`name` FROM `xf_auth_rule` WHERE `id` IN ('1','2','7','8','9','10','11','12','15','16','17','13','18','19','20','21','22','14','23','24','25','26','27','28','29') AND `type` = 1 AND `status` = 1  [ RunTime:0.0010s ]
SQL: SELECT * FROM `xf_admin_nav` WHERE `id` = 0 LIMIT 1   [ RunTime:0.0004s ]
INFO: [ view_parse ] --START--
INFO: [ template_filter ] --START--
INFO: Run Behavior\ContentReplaceBehavior [ RunTime:0.000150s ]
INFO: [ template_filter ] --END-- [ RunTime:0.000246s ]
INFO: Run Behavior\ParseTemplateBehavior [ RunTime:0.014502s ]
INFO: [ view_parse ] --END-- [ RunTime:0.014574s ]
INFO: [ view_filter ] --START--
INFO: Run Behavior\WriteHtmlCacheBehavior [ RunTime:0.000601s ]
INFO: [ view_filter ] --END-- [ RunTime:0.000715s ]
INFO: [ app_end ] --START--
INFO: Run Behavior\ShowPageTraceBehavior [ RunTime:0.001001s ]
INFO: [ app_end ] --END-- [ RunTime:0.001092s ]

[ 2017-11-16T08:46:34+08:00 ] ::1 /index.php/Admin/index/images/adam-jansen.jpg
INFO: [ app_init ] --START--
INFO: Run Behavior\BuildLiteBehavior [ RunTime:0.000020s ]
INFO: [ app_init ] --END-- [ RunTime:0.000831s ]

[ 2017-11-16T08:46:39+08:00 ] ::1 /index.php/Admin/Menu/lst/activeId/2.html
INFO: [ app_init ] --START--
INFO: Run Behavior\BuildLiteBehavior [ RunTime:0.000011s ]
INFO: [ app_init ] --END-- [ RunTime:0.000313s ]
INFO: [ app_begin ] --START--
INFO: Run Behavior\ReadHtmlCacheBehavior [ RunTime:0.000370s ]
INFO: [ app_begin ] --END-- [ RunTime:0.000410s ]
NOTIC: [2048] Declaration of Admin\Model\AdminNavModel::getTreeData() should be compatible with Admin\Model\BaseModel::getTreeData($type = 'tree', $order = '', $name = 'name', $child = 'id', $parent = 'pid') D:\PHPStudy\WWW\myproject\Application\Admin\Model\AdminNavModel.class.php 第 10 行.
SQL: SHOW COLUMNS FROM `xf_admin_nav` [ RunTime:0.0055s ]
SQL: SELECT * FROM `xf_admin_nav` ORDER BY sort is null,sort,id  [ RunTime:0.0005s ]
SQL: SHOW COLUMNS FROM `xf_auth_group_access` [ RunTime:0.0040s ]
SQL: SELECT `uid`,`group_id`,`title`,`rules` FROM xf_auth_group_access a INNER JOIN xf_auth_group g on a.group_id=g.id  WHERE ( a.uid='1' and g.status='1' )  [ RunTime:0.0004s ]
SQL: SHOW COLUMNS FROM `xf_auth_rule` [ RunTime:0.0045s ]
SQL: SELECT `condition`,`name` FROM `xf_auth_rule` WHERE `id` IN ('1','2','7','8','9','10','11','12','15','16','17','13','18','19','20','21','22','14','23','24','25','26','27','28','29') AND `type` = 1 AND `status` = 1  [ RunTime:0.0006s ]
SQL: SELECT * FROM `xf_admin_nav` WHERE `id` = 2 LIMIT 1   [ RunTime:0.0003s ]
SQL: SHOW COLUMNS FROM `xf_admin_nav` [ RunTime:0.0046s ]
SQL: SELECT * FROM `xf_admin_nav` ORDER BY sort is null,sort,id  [ RunTime:0.0004s ]
INFO: [ view_parse ] --START--
INFO: [ template_filter ] --START--
INFO: Run Behavior\ContentReplaceBehavior [ RunTime:0.000109s ]
INFO: [ template_filter ] --END-- [ RunTime:0.000158s ]
INFO: Run Behavior\ParseTemplateBehavior [ RunTime:0.011637s ]
INFO: [ view_parse ] --END-- [ RunTime:0.011708s ]
INFO: [ view_filter ] --START--
INFO: Run Behavior\WriteHtmlCacheBehavior [ RunTime:0.000369s ]
INFO: [ view_filter ] --END-- [ RunTime:0.000409s ]
INFO: [ app_end ] --START--
INFO: Run Behavior\ShowPageTraceBehavior [ RunTime:0.000784s ]
INFO: [ app_end ] --END-- [ RunTime:0.000853s ]

[ 2017-11-16T08:46:39+08:00 ] ::1 /index.php/Admin/Menu/lst/activeId/images/adam-jansen.jpg
INFO: [ app_init ] --START--
INFO: Run Behavior\BuildLiteBehavior [ RunTime:0.000020s ]
INFO: [ app_init ] --END-- [ RunTime:0.000389s ]

[ 2017-11-16T08:47:47+08:00 ] ::1 /index.php/Admin/Conf/lst/activeId/10.html
INFO: [ app_init ] --START--
INFO: Run Behavior\BuildLiteBehavior [ RunTime:0.000012s ]
INFO: [ app_init ] --END-- [ RunTime:0.000340s ]
INFO: [ app_begin ] --START--
INFO: Run Behavior\ReadHtmlCacheBehavior [ RunTime:0.000413s ]
INFO: [ app_begin ] --END-- [ RunTime:0.000459s ]
NOTIC: [2048] Declaration of Admin\Model\AdminNavModel::getTreeData() should be compatible with Admin\Model\BaseModel::getTreeData($type = 'tree', $order = '', $name = 'name', $child = 'id', $parent = 'pid') D:\PHPStudy\WWW\myproject\Application\Admin\Model\AdminNavModel.class.php 第 10 行.
SQL: SHOW COLUMNS FROM `xf_admin_nav` [ RunTime:0.0077s ]
SQL: SELECT * FROM `xf_admin_nav` ORDER BY sort is null,sort,id  [ RunTime:0.0007s ]
SQL: SHOW COLUMNS FROM `xf_auth_group_access` [ RunTime:0.0069s ]
SQL: SELECT `uid`,`group_id`,`title`,`rules` FROM xf_auth_group_access a INNER JOIN xf_auth_group g on a.group_id=g.id  WHERE ( a.uid='1' and g.status='1' )  [ RunTime:0.0006s ]
SQL: SHOW COLUMNS FROM `xf_auth_rule` [ RunTime:0.0070s ]
SQL: SELECT `condition`,`name` FROM `xf_auth_rule` WHERE `id` IN ('1','2','7','8','9','10','11','12','15','16','17','13','18','19','20','21','22','14','23','24','25','26','27','28','29') AND `type` = 1 AND `status` = 1  [ RunTime:0.0007s ]
SQL: SELECT * FROM `xf_admin_nav` WHERE `id` = 10 LIMIT 1   [ RunTime:0.0004s ]
INFO: [ view_parse ] --START--
INFO: [ template_filter ] --START--
INFO: Run Behavior\ContentReplaceBehavior [ RunTime:0.000084s ]
INFO: [ template_filter ] --END-- [ RunTime:0.000139s ]
NOTIC: [8] Undefined variable: list D:\PHPStudy\WWW\myproject\Application\Runtime\Cache\Admin\c6940ff95f5d70c0faddc99f4a8789f9.php 第 158 行.
INFO: Run Behavior\ParseTemplateBehavior [ RunTime:0.011022s ]
INFO: [ view_parse ] --END-- [ RunTime:0.011097s ]
INFO: [ view_filter ] --START--
INFO: Run Behavior\WriteHtmlCacheBehavior [ RunTime:0.000238s ]
INFO: [ view_filter ] --END-- [ RunTime:0.000267s ]
INFO: [ app_end ] --START--
INFO: Run Behavior\ShowPageTraceBehavior [ RunTime:0.000424s ]
INFO: [ app_end ] --END-- [ RunTime:0.000477s ]

[ 2017-11-16T08:47:47+08:00 ] ::1 /index.php/Admin/Conf/lst/activeId/images/adam-jansen.jpg
INFO: [ app_init ] --START--
INFO: Run Behavior\BuildLiteBehavior [ RunTime:0.000010s ]
INFO: [ app_init ] --END-- [ RunTime:0.000311s ]

[ 2017-11-16T08:47:50+08:00 ] ::1 /index.php/Admin/Conf/lstconf/activeId/11.html
INFO: [ app_init ] --START--
INFO: Run Behavior\BuildLiteBehavior [ RunTime:0.000043s ]
INFO: [ app_init ] --END-- [ RunTime:0.000731s ]
INFO: [ app_begin ] --START--
INFO: Run Behavior\ReadHtmlCacheBehavior [ RunTime:0.000355s ]
INFO: [ app_begin ] --END-- [ RunTime:0.000395s ]
NOTIC: [2048] Declaration of Admin\Model\AdminNavModel::getTreeData() should be compatible with Admin\Model\BaseModel::getTreeData($type = 'tree', $order = '', $name = 'name', $child = 'id', $parent = 'pid') D:\PHPStudy\WWW\myproject\Application\Admin\Model\AdminNavModel.class.php 第 10 行.
SQL: SHOW COLUMNS FROM `xf_admin_nav` [ RunTime:0.0131s ]
SQL: SELECT * FROM `xf_admin_nav` ORDER BY sort is null,sort,id  [ RunTime:0.0011s ]
SQL: SHOW COLUMNS FROM `xf_auth_group_access` [ RunTime:0.0126s ]
SQL: SELECT `uid`,`group_id`,`title`,`rules` FROM xf_auth_group_access a INNER JOIN xf_auth_group g on a.group_id=g.id  WHERE ( a.uid='1' and g.status='1' )  [ RunTime:0.0010s ]
SQL: SHOW COLUMNS FROM `xf_auth_rule` [ RunTime:0.0122s ]
SQL: SELECT `condition`,`name` FROM `xf_auth_rule` WHERE `id` IN ('1','2','7','8','9','10','11','12','15','16','17','13','18','19','20','21','22','14','23','24','25','26','27','28','29') AND `type` = 1 AND `status` = 1  [ RunTime:0.0013s ]
SQL: SELECT * FROM `xf_admin_nav` WHERE `id` = 11 LIMIT 1   [ RunTime:0.0005s ]
INFO: [ view_parse ] --START--
INFO: [ template_filter ] --START--
INFO: Run Behavior\ContentReplaceBehavior [ RunTime:0.000156s ]
INFO: [ template_filter ] --END-- [ RunTime:0.000230s ]
NOTIC: [8] Undefined variable: list D:\PHPStudy\WWW\myproject\Application\Runtime\Cache\Admin\c516b931b5b4b778889b5dd03e700c6c.php 第 157 行.
INFO: Run Behavior\ParseTemplateBehavior [ RunTime:0.016144s ]
INFO: [ view_parse ] --END-- [ RunTime:0.016214s ]
INFO: [ view_filter ] --START--
INFO: Run Behavior\WriteHtmlCacheBehavior [ RunTime:0.000357s ]
INFO: [ view_filter ] --END-- [ RunTime:0.000413s ]
INFO: [ app_end ] --START--
INFO: Run Behavior\ShowPageTraceBehavior [ RunTime:0.000692s ]
INFO: [ app_end ] --END-- [ RunTime:0.000772s ]

[ 2017-11-16T08:47:50+08:00 ] ::1 /index.php/Admin/Conf/lstconf/activeId/images/adam-jansen.jpg
INFO: [ app_init ] --START--
INFO: Run Behavior\BuildLiteBehavior [ RunTime:0.000012s ]
INFO: [ app_init ] --END-- [ RunTime:0.000382s ]

[ 2017-11-16T08:47:55+08:00 ] ::1 /index.php/Admin/Conf/lst/activeId/10.html
INFO: [ app_init ] --START--
INFO: Run Behavior\BuildLiteBehavior [ RunTime:0.000010s ]
INFO: [ app_init ] --END-- [ RunTime:0.000326s ]
INFO: [ app_begin ] --START--
INFO: Run Behavior\ReadHtmlCacheBehavior [ RunTime:0.000403s ]
INFO: [ app_begin ] --END-- [ RunTime:0.000448s ]
NOTIC: [2048] Declaration of Admin\Model\AdminNavModel::getTreeData() should be compatible with Admin\Model\BaseModel::getTreeData($type = 'tree', $order = '', $name = 'name', $child = 'id', $parent = 'pid') D:\PHPStudy\WWW\myproject\Application\Admin\Model\AdminNavModel.class.php 第 10 行.
SQL: SHOW COLUMNS FROM `xf_admin_nav` [ RunTime:0.0158s ]
SQL: SELECT * FROM `xf_admin_nav` ORDER BY sort is null,sort,id  [ RunTime:0.0011s ]
SQL: SHOW COLUMNS FROM `xf_auth_group_access` [ RunTime:0.0074s ]
SQL: SELECT `uid`,`group_id`,`title`,`rules` FROM xf_auth_group_access a INNER JOIN xf_auth_group g on a.group_id=g.id  WHERE ( a.uid='1' and g.status='1' )  [ RunTime:0.0006s ]
SQL: SHOW COLUMNS FROM `xf_auth_rule` [ RunTime:0.0080s ]
SQL: SELECT `condition`,`name` FROM `xf_auth_rule` WHERE `id` IN ('1','2','7','8','9','10','11','12','15','16','17','13','18','19','20','21','22','14','23','24','25','26','27','28','29') AND `type` = 1 AND `status` = 1  [ RunTime:0.0009s ]
SQL: SELECT * FROM `xf_admin_nav` WHERE `id` = 10 LIMIT 1   [ RunTime:0.0006s ]
INFO: [ view_parse ] --START--
INFO: [ template_filter ] --START--
INFO: Run Behavior\ContentReplaceBehavior [ RunTime:0.000092s ]
INFO: [ template_filter ] --END-- [ RunTime:0.000135s ]
NOTIC: [8] Undefined variable: list D:\PHPStudy\WWW\myproject\Application\Runtime\Cache\Admin\c6940ff95f5d70c0faddc99f4a8789f9.php 第 158 行.
INFO: Run Behavior\ParseTemplateBehavior [ RunTime:0.013495s ]
INFO: [ view_parse ] --END-- [ RunTime:0.013560s ]
INFO: [ view_filter ] --START--
INFO: Run Behavior\WriteHtmlCacheBehavior [ RunTime:0.000269s ]
INFO: [ view_filter ] --END-- [ RunTime:0.000301s ]
INFO: [ app_end ] --START--
INFO: Run Behavior\ShowPageTraceBehavior [ RunTime:0.000428s ]
INFO: [ app_end ] --END-- [ RunTime:0.000470s ]

[ 2017-11-16T08:47:55+08:00 ] ::1 /index.php/Admin/Conf/lst/activeId/images/adam-jansen.jpg
INFO: [ app_init ] --START--
INFO: Run Behavior\BuildLiteBehavior [ RunTime:0.000020s ]
INFO: [ app_init ] --END-- [ RunTime:0.000499s ]

